###############################################################################
#                                                                             #
# IAR ANSI C/C++ Compiler V6.40.1.53790/W32 for ARM     16/Feb/2014  11:35:21 #
# Copyright 1999-2012 IAR Systems AB.                                         #
#                                                                             #
#    Cpu mode     =  thumb                                                    #
#    Endian       =  little                                                   #
#    Source file  =  C:\embed\LPLD\LPLD_OSKinetis_V3\project\02-(GPIO)LPLD_Le #
#                    dLight\app\LPLD_LedLight.c                               #
#    Command line =  "C:\embed\LPLD\LPLD_OSKinetis_V3\project\02-(GPIO)LPLD_L #
#                    edLight\app\LPLD_LedLight.c" -D LPLD_K60 -lCN            #
#                    "C:\embed\LPLD\LPLD_OSKinetis_V3\project\02-(GPIO)LPLD_L #
#                    edLight\iar\RAM\List\" -lB "C:\embed\LPLD\LPLD_OSKinetis #
#                    _V3\project\02-(GPIO)LPLD_LedLight\iar\RAM\List\" -o     #
#                    "C:\embed\LPLD\LPLD_OSKinetis_V3\project\02-(GPIO)LPLD_L #
#                    edLight\iar\RAM\Obj\" --no_cse --no_unroll --no_inline   #
#                    --no_code_motion --no_tbaa --no_clustering               #
#                    --no_scheduling --debug --endian=little --cpu=Cortex-M4  #
#                    -e --fpu=None --dlib_config "C:\Program Files (x86)\IAR  #
#                    Systems\Embedded Workbench 6.4\arm\INC\c\DLib_Config_Nor #
#                    mal.h" -I "C:\embed\LPLD\LPLD_OSKinetis_V3\project\02-(G #
#                    PIO)LPLD_LedLight\iar\..\app\" -I                        #
#                    "C:\embed\LPLD\LPLD_OSKinetis_V3\project\02-(GPIO)LPLD_L #
#                    edLight\iar\..\..\..\lib\CPU\" -I                        #
#                    "C:\embed\LPLD\LPLD_OSKinetis_V3\project\02-(GPIO)LPLD_L #
#                    edLight\iar\..\..\..\lib\common\" -I                     #
#                    "C:\embed\LPLD\LPLD_OSKinetis_V3\project\02-(GPIO)LPLD_L #
#                    edLight\iar\..\..\..\lib\LPLD\" -I                       #
#                    "C:\embed\LPLD\LPLD_OSKinetis_V3\project\02-(GPIO)LPLD_L #
#                    edLight\iar\..\..\..\lib\LPLD\HW\" -I                    #
#                    "C:\embed\LPLD\LPLD_OSKinetis_V3\project\02-(GPIO)LPLD_L #
#                    edLight\iar\..\..\..\lib\LPLD\DEV\" -I                   #
#                    "C:\embed\LPLD\LPLD_OSKinetis_V3\project\02-(GPIO)LPLD_L #
#                    edLight\iar\..\..\..\lib\uCOS-II\Ports\" -I              #
#                    "C:\embed\LPLD\LPLD_OSKinetis_V3\project\02-(GPIO)LPLD_L #
#                    edLight\iar\..\..\..\lib\uCOS-II\Source\" -I             #
#                    "C:\embed\LPLD\LPLD_OSKinetis_V3\project\02-(GPIO)LPLD_L #
#                    edLight\iar\..\..\..\lib\FatFs\" -I                      #
#                    "C:\embed\LPLD\LPLD_OSKinetis_V3\project\02-(GPIO)LPLD_L #
#                    edLight\iar\..\..\..\lib\FatFs\option\" -I               #
#                    "C:\embed\LPLD\LPLD_OSKinetis_V3\project\02-(GPIO)LPLD_L #
#                    edLight\iar\..\..\..\lib\USB\common\" -I                 #
#                    "C:\embed\LPLD\LPLD_OSKinetis_V3\project\02-(GPIO)LPLD_L #
#                    edLight\iar\..\..\..\lib\USB\driver\" -I                 #
#                    "C:\embed\LPLD\LPLD_OSKinetis_V3\project\02-(GPIO)LPLD_L #
#                    edLight\iar\..\..\..\lib\USB\descriptor\" -I             #
#                    "C:\embed\LPLD\LPLD_OSKinetis_V3\project\02-(GPIO)LPLD_L #
#                    edLight\iar\..\..\..\lib\USB\class\" -Ol -I "C:\Program  #
#                    Files (x86)\IAR Systems\Embedded Workbench               #
#                    6.4\arm\CMSIS\Include\" -D ARM_MATH_CM4                  #
#    List file    =  C:\embed\LPLD\LPLD_OSKinetis_V3\project\02-(GPIO)LPLD_Le #
#                    dLight\iar\RAM\List\LPLD_LedLight.lst                    #
#    Object file  =  C:\embed\LPLD\LPLD_OSKinetis_V3\project\02-(GPIO)LPLD_Le #
#                    dLight\iar\RAM\Obj\LPLD_LedLight.o                       #
#                                                                             #
#                                                                             #
###############################################################################

C:\embed\LPLD\LPLD_OSKinetis_V3\project\02-(GPIO)LPLD_LedLight\app\LPLD_LedLight.c
      1          /**S
      2           * --------------基于"拉普兰德K60底层库V3"的工程（LPLD_LedLight）-----------------
      3           * @file LPLD_LedLight.c
      4           * @version 0.1
      5           * @date 2013-9-29
      6           * @brief 利用GPIO模块，控制LED小灯的亮灭。
      7           *
      8           * 版权所有:北京拉普兰德电子技术有限公司
      9           * http://www.lpld.cn
     10           * mail:support@lpld.cn
     11           * 硬件平台:  LPLD K60 Card / LPLD K60 Nano
     12           *
     13           * 本工程基于"拉普兰德K60底层库V3"开发，
     14           * 所有开源代码均在"lib"文件夹下，用户不必更改该目录下代码，
     15           * 所有用户工程需保存在"project"文件夹下，以工程名定义文件夹名，
     16           * 底层库使用方法见相关文档。 
     17           *
     18           */
     19          #include "common.h"
     20          
     21          /****************************************
     22           说明：
     23             *通过修改CARD宏定义适应不同核心板
     24           ****************************************/
     25          
     26          //若使用拉普兰德K60 Card则为1，若使用K60 Nano则为0
     27          //#define CARD  1   
     28          
     29          //函数声明
     30          void init_gpio(void);
     31          void delay(void);
     32          //变量声明

   \                                 In section .bss, align 4
     33          GPIO_InitTypeDef gpio_init_struct;
   \                     gpio_init_struct:
   \   00000000                      DS8 20
     34          

   \                                 In section .text, align 2, keep-with-next
     35          void main (void)
     36          {
     37            int i;
     38          
     39            //初始化 GPIO
     40            init_gpio();
   \                     main:
   \   00000000   0x.... 0x....      BL       init_gpio
     41            
     42          #if(CARD) 
     43            i=8;
     44          #else
     45            i=19;
   \   00000004   0x2413             MOVS     R4,#+19
     46          #endif
     47            
     48            while(1)
     49            {
     50          #if(CARD)
     51              //D1至D8依次触发点亮、熄灭
     52              LPLD_GPIO_Toggle_b(PTD, i);
     53              i+=1;
     54              if(i==16)
     55                 i=8;
     56          #else
     57              //D1至D4依次触发点亮、熄灭
     58              LPLD_GPIO_Toggle_b(PTB, i);
   \                     ??main_0:
   \   00000006   0x0021             MOVS     R1,R4
   \   00000008   0xB2C9             UXTB     R1,R1            ;; ZeroExt  R1,R1,#+24,#+24
   \   0000000A   0x....             LDR.N    R0,??DataTable1  ;; 0x400ff040
   \   0000000C   0x.... 0x....      BL       LPLD_GPIO_Toggle_b
     59              i+=1;
   \   00000010   0x1C64             ADDS     R4,R4,#+1
     60              if(i==24)
   \   00000012   0x2C18             CMP      R4,#+24
   \   00000014   0xD100             BNE.N    ??main_1
     61                 i=20;
   \   00000016   0x2414             MOVS     R4,#+20
     62          #endif
     63              delay();
   \                     ??main_1:
   \   00000018   0x.... 0x....      BL       delay
   \   0000001C   0xE7F3             B.N      ??main_0
     64            }
     65          }
     66          
     67          /*
     68           * 初始化连接LED灯的GPIO引脚
     69           *
     70           */

   \                                 In section .text, align 2, keep-with-next
     71          void init_gpio()
     72          {
   \                     init_gpio:
   \   00000000   0xB580             PUSH     {R7,LR}
     73            
     74          #if(CARD)
     75            // 配置 PTD8~PTD15 为GPIO功能,输出,高电平，禁用中断
     76            gpio_init_struct.GPIO_PTx = PTD;
     77            gpio_init_struct.GPIO_Pins = GPIO_Pin8_15;
     78            gpio_init_struct.GPIO_Dir = DIR_OUTPUT;
     79            gpio_init_struct.GPIO_Output = OUTPUT_H;
     80            gpio_init_struct.GPIO_PinControl = IRQC_DIS;
     81            LPLD_GPIO_Init(gpio_init_struct);
     82          #else
     83            gpio_init_struct.GPIO_PTx = PTB;
   \   00000002   0x....             LDR.N    R0,??DataTable1_1
   \   00000004   0x....             LDR.N    R1,??DataTable1  ;; 0x400ff040
   \   00000006   0x6001             STR      R1,[R0, #+0]
     84            gpio_init_struct.GPIO_Pins = GPIO_Pin20|GPIO_Pin21|GPIO_Pin22|GPIO_Pin23;
   \   00000008   0x....             LDR.N    R0,??DataTable1_1
   \   0000000A   0xF45F 0x0170      MOVS     R1,#+15728640
   \   0000000E   0x6041             STR      R1,[R0, #+4]
     85            gpio_init_struct.GPIO_Dir = DIR_OUTPUT;
   \   00000010   0x....             LDR.N    R0,??DataTable1_1
   \   00000012   0x2101             MOVS     R1,#+1
   \   00000014   0x7301             STRB     R1,[R0, #+12]
     86            gpio_init_struct.GPIO_Output = OUTPUT_H;
   \   00000016   0x....             LDR.N    R0,??DataTable1_1
   \   00000018   0x2101             MOVS     R1,#+1
   \   0000001A   0x7341             STRB     R1,[R0, #+13]
     87            gpio_init_struct.GPIO_PinControl = IRQC_DIS;
   \   0000001C   0x....             LDR.N    R0,??DataTable1_1
   \   0000001E   0x2100             MOVS     R1,#+0
   \   00000020   0x6081             STR      R1,[R0, #+8]
     88            LPLD_GPIO_Init(gpio_init_struct);
   \   00000022   0x....             LDR.N    R1,??DataTable1_1
   \   00000024   0xB084             SUB      SP,SP,#+16
   \   00000026   0x4668             MOV      R0,SP
   \   00000028   0x2214             MOVS     R2,#+20
   \   0000002A   0x.... 0x....      BL       __aeabi_memcpy4
   \   0000002E   0xBC0F             POP      {R0-R3}
   \   00000030   0x.... 0x....      BL       LPLD_GPIO_Init
     89          #endif
     90            
     91          }
   \   00000034   0xBD01             POP      {R0,PC}          ;; return
     92          
     93          
     94          /*
     95           * 延时一段时间
     96           */

   \                                 In section .text, align 4, keep-with-next
     97          void delay()
     98          {
     99            uint16 i, n;
    100            for(i=0;i<30000;i++)
   \                     delay:
   \   00000000   0x2000             MOVS     R0,#+0
   \   00000002   0xE005             B.N      ??delay_0
    101            {
    102              for(n=0;n<200;n++)
    103              {
    104                asm("nop");
   \                     ??delay_1:
   \   00000004   0xBF00             nop
    105              }
   \   00000006   0x1C49             ADDS     R1,R1,#+1
   \                     ??delay_2:
   \   00000008   0xB289             UXTH     R1,R1            ;; ZeroExt  R1,R1,#+16,#+16
   \   0000000A   0x29C8             CMP      R1,#+200
   \   0000000C   0xD3FA             BCC.N    ??delay_1
   \   0000000E   0x1C40             ADDS     R0,R0,#+1
   \                     ??delay_0:
   \   00000010   0xF247 0x5130      MOVW     R1,#+30000
   \   00000014   0xB280             UXTH     R0,R0            ;; ZeroExt  R0,R0,#+16,#+16
   \   00000016   0x4288             CMP      R0,R1
   \   00000018   0xD201             BCS.N    ??delay_3
   \   0000001A   0x2100             MOVS     R1,#+0
   \   0000001C   0xE7F4             B.N      ??delay_2
    106            }
    107          }
   \                     ??delay_3:
   \   0000001E   0x4770             BX       LR               ;; return

   \                                 In section .text, align 4, keep-with-next
   \                     ??DataTable1:
   \   00000000   0x400FF040         DC32     0x400ff040

   \                                 In section .text, align 4, keep-with-next
   \                     ??DataTable1_1:
   \   00000000   0x........         DC32     gpio_init_struct
    108          

   Maximum stack usage in bytes:

   .cstack Function
   ------- --------
        0  delay
       24  init_gpio
              8 -> LPLD_GPIO_Init
             24 -> __aeabi_memcpy4
        0  main
              0 -> LPLD_GPIO_Toggle_b
              0 -> delay
              0 -> init_gpio


   Section sizes:

   Bytes  Function/Label
   -----  --------------
       4  ??DataTable1
       4  ??DataTable1_1
      32  delay
      20  gpio_init_struct
      54  init_gpio
      30  main

 
  20 bytes in section .bss
 124 bytes in section .text
 
 124 bytes of CODE memory
  20 bytes of DATA memory

Errors: none
Warnings: none
